This is pdfTeX, Version 3.141592653-2.6-1.40.27 (MiKTeX 25.4) (preloaded format=pdflatex 2025.5.6)  1 APR 2026 21:13
entering extended mode
 restricted \write18 enabled.
 file:line:error style messages enabled.
 %&-line parsing enabled.
**"e:/EMOTION ALL/EMOTION REPORT/Emotion_Caption_Report.tex"
(e:/EMOTION ALL/EMOTION REPORT/Emotion_Caption_Report.tex
LaTeX2e <2023-11-01> patch level 1
L3 programming layer <2024-01-04>
(D:\MikTex app\tex/latex/base\article.cls
Document Class: article 2023/05/17 v1.4n Standard LaTeX document class
(D:\MikTex app\tex/latex/base\size12.clo
File: size12.clo 2023/05/17 v1.4n Standard LaTeX file (size option)
)
\c@part=\count187
\c@section=\count188
\c@subsection=\count189
\c@subsubsection=\count190
\c@paragraph=\count191
\c@subparagraph=\count192
\c@figure=\count193
\c@table=\count194
\abovecaptionskip=\skip48
\belowcaptionskip=\skip49
\bibindent=\dimen140
) (D:\MikTex app\tex/latex/geometry\geometry.sty
Package: geometry 2020/01/02 v5.9 Page Geometry
 (D:\MikTex app\tex/latex/graphics\keyval.sty
Package: keyval 2022/05/29 v1.15 key=value parser (DPC)
\KV@toks@=\toks17
) (D:\MikTex app\tex/generic/iftex\ifvtex.sty
Package: ifvtex 2019/10/25 v1.7 ifvtex legacy package. Use iftex instead.
 (D:\MikTex app\tex/generic/iftex\iftex.sty
Package: iftex 2022/02/03 v1.0f TeX engine tests
))
\Gm@cnth=\count195
\Gm@cntv=\count196
\c@Gm@tempcnt=\count197
\Gm@bindingoffset=\dimen141
\Gm@wd@mp=\dimen142
\Gm@odd@mp=\dimen143
\Gm@even@mp=\dimen144
\Gm@layoutwidth=\dimen145
\Gm@layoutheight=\dimen146
\Gm@layouthoffset=\dimen147
\Gm@layoutvoffset=\dimen148
\Gm@dimlist=\toks18
 (D:\MikTex app\tex/latex/geometry\geometry.cfg)) (D:\MikTex app\tex/latex/setspace\setspace.sty
Package: setspace 2022/12/04 v6.7b set line spacing
) (D:\MikTex app\tex/latex/base\fontenc.sty
Package: fontenc 2021/04/29 v2.0v Standard LaTeX package
) (D:\MikTex app\tex/latex/hyperref\hyperref.sty
Package: hyperref 2023-11-26 v7.01g Hypertext links for LaTeX
 (D:\MikTex app\tex/generic/infwarerr\infwarerr.sty
Package: infwarerr 2019/12/03 v1.5 Providing info/warning/error messages (HO)
) (D:\MikTex app\tex/latex/kvsetkeys\kvsetkeys.sty
Package: kvsetkeys 2022-10-05 v1.19 Key value parser (HO)
) (D:\MikTex app\tex/generic/kvdefinekeys\kvdefinekeys.sty
Package: kvdefinekeys 2019-12-19 v1.6 Define keys (HO)
) (D:\MikTex app\tex/generic/pdfescape\pdfescape.sty
Package: pdfescape 2019/12/09 v1.15 Implements pdfTeX's escape features (HO)
 (D:\MikTex app\tex/generic/ltxcmds\ltxcmds.sty
Package: ltxcmds 2023-12-04 v1.26 LaTeX kernel commands for general use (HO)
) (D:\MikTex app\tex/generic/pdftexcmds\pdftexcmds.sty
Package: pdftexcmds 2020-06-27 v0.33 Utility functions of pdfTeX for LuaTeX (HO)
Package pdftexcmds Info: \pdf@primitive is available.
Package pdftexcmds Info: \pdf@ifprimitive is available.
Package pdftexcmds Info: \pdfdraftmode found.
)) (D:\MikTex app\tex/latex/hycolor\hycolor.sty
Package: hycolor 2020-01-27 v1.10 Color options for hyperref/bookmark (HO)
) (D:\MikTex app\tex/latex/letltxmacro\letltxmacro.sty
Package: letltxmacro 2019/12/03 v1.6 Let assignment for LaTeX macros (HO)
) (D:\MikTex app\tex/latex/auxhook\auxhook.sty
Package: auxhook 2019-12-17 v1.6 Hooks for auxiliary files (HO)
) (D:\MikTex app\tex/latex/hyperref\nameref.sty
Package: nameref 2023-11-26 v2.56 Cross-referencing by name of section
 (D:\MikTex app\tex/latex/refcount\refcount.sty
Package: refcount 2019/12/15 v3.6 Data extraction from label references (HO)
) (D:\MikTex app\tex/generic/gettitlestring\gettitlestring.sty
Package: gettitlestring 2019/12/15 v1.6 Cleanup title references (HO)
 (D:\MikTex app\tex/latex/kvoptions\kvoptions.sty
Package: kvoptions 2022-06-15 v3.15 Key value format for package options (HO)
))
\c@section@level=\count198
) (D:\MikTex app\tex/latex/etoolbox\etoolbox.sty
Package: etoolbox 2020/10/05 v2.5k e-TeX tools for LaTeX (JAW)
\etb@tempcnta=\count199
)
\@linkdim=\dimen149
\Hy@linkcounter=\count266
\Hy@pagecounter=\count267
 (D:\MikTex app\tex/latex/hyperref\pd1enc.def
File: pd1enc.def 2023-11-26 v7.01g Hyperref: PDFDocEncoding definition (HO)
Now handling font encoding PD1 ...
... no UTF-8 mapping file for font encoding PD1
) (D:\MikTex app\tex/generic/intcalc\intcalc.sty
Package: intcalc 2019/12/15 v1.3 Expandable calculations with integers (HO)
)
\Hy@SavedSpaceFactor=\count268
 (D:\MikTex app\tex/latex/hyperref\puenc.def
File: puenc.def 2023-11-26 v7.01g Hyperref: PDF Unicode definition (HO)
Now handling font encoding PU ...
... no UTF-8 mapping file for font encoding PU
)
Package hyperref Info: Option `colorlinks' set `true' on input line 4064.
Package hyperref Info: Hyper figures OFF on input line 4181.
Package hyperref Info: Link nesting OFF on input line 4186.
Package hyperref Info: Hyper index ON on input line 4189.
Package hyperref Info: Plain pages OFF on input line 4196.
Package hyperref Info: Backreferencing OFF on input line 4201.
Package hyperref Info: Implicit mode ON; LaTeX internals redefined.
Package hyperref Info: Bookmarks ON on input line 4448.
\c@Hy@tempcnt=\count269
 (D:\MikTex app\tex/latex/url\url.sty
\Urlmuskip=\muskip16
Package: url 2013/09/16  ver 3.4  Verb mode for urls, etc.
)
LaTeX Info: Redefining \url on input line 4786.
\XeTeXLinkMargin=\dimen150
 (D:\MikTex app\tex/generic/bitset\bitset.sty
Package: bitset 2019/12/09 v1.3 Handle bit-vector datatype (HO)
 (D:\MikTex app\tex/generic/bigintcalc\bigintcalc.sty
Package: bigintcalc 2019/12/15 v1.5 Expandable calculations on big integers (HO)
))
\Fld@menulength=\count270
\Field@Width=\dimen151
\Fld@charsize=\dimen152
Package hyperref Info: Hyper figures OFF on input line 6065.
Package hyperref Info: Link nesting OFF on input line 6070.
Package hyperref Info: Hyper index ON on input line 6073.
Package hyperref Info: backreferencing OFF on input line 6080.
Package hyperref Info: Link coloring ON on input line 6083.
Package hyperref Info: Link coloring with OCG OFF on input line 6090.
Package hyperref Info: PDF/A mode OFF on input line 6095.
 (D:\MikTex app\tex/latex/base\atbegshi-ltx.sty
Package: atbegshi-ltx 2021/01/10 v1.0c Emulation of the original atbegshi
package with kernel methods
)
\Hy@abspage=\count271
\c@Item=\count272
\c@Hfootnote=\count273
)
Package hyperref Info: Driver (autodetected): hpdftex.
 (D:\MikTex app\tex/latex/hyperref\hpdftex.def
File: hpdftex.def 2023-11-26 v7.01g Hyperref driver for pdfTeX
 (D:\MikTex app\tex/latex/base\atveryend-ltx.sty
Package: atveryend-ltx 2020/08/19 v1.0a Emulation of the original atveryend package
with kernel methods
)
\Fld@listcount=\count274
\c@bookmark@seq@number=\count275
 (D:\MikTex app\tex/latex/rerunfilecheck\rerunfilecheck.sty
Package: rerunfilecheck 2022-07-10 v1.10 Rerun checks for auxiliary files (HO)
 (D:\MikTex app\tex/generic/uniquecounter\uniquecounter.sty
Package: uniquecounter 2019/12/15 v1.4 Provide unlimited unique counter (HO)
)
Package uniquecounter Info: New unique counter `rerunfilecheck' on input line 285.
)
\Hy@SectionHShift=\skip50
) (D:\MikTex app\tex/latex/graphics\graphicx.sty
Package: graphicx 2021/09/16 v1.2d Enhanced LaTeX Graphics (DPC,SPQR)
 (D:\MikTex app\tex/latex/graphics\graphics.sty
Package: graphics 2022/03/10 v1.4e Standard LaTeX Graphics (DPC,SPQR)
 (D:\MikTex app\tex/latex/graphics\trig.sty
Package: trig 2021/08/11 v1.11 sin cos tan (DPC)
) (D:\MikTex app\tex/latex/graphics-cfg\graphics.cfg
File: graphics.cfg 2016/06/04 v1.11 sample graphics configuration
)
Package graphics Info: Driver file: pdftex.def on input line 107.
 (D:\MikTex app\tex/latex/graphics-def\pdftex.def
File: pdftex.def 2022/09/22 v1.2b Graphics/color driver for pdftex
))
\Gin@req@height=\dimen153
\Gin@req@width=\dimen154
) (D:\MikTex app\tex/latex/booktabs\booktabs.sty
Package: booktabs 2020/01/12 v1.61803398 Publication quality tables
\heavyrulewidth=\dimen155
\lightrulewidth=\dimen156
\cmidrulewidth=\dimen157
\belowrulesep=\dimen158
\belowbottomsep=\dimen159
\aboverulesep=\dimen160
\abovetopsep=\dimen161
\cmidrulesep=\dimen162
\cmidrulekern=\dimen163
\defaultaddspace=\dimen164
\@cmidla=\count276
\@cmidlb=\count277
\@aboverulesep=\dimen165
\@belowrulesep=\dimen166
\@thisruleclass=\count278
\@lastruleclass=\count279
\@thisrulewidth=\dimen167
) (D:\MikTex app\tex/latex/amsmath\amsmath.sty
Package: amsmath 2024/11/05 v2.17t AMS math features
\@mathmargin=\skip51

For additional information on amsmath, use the `?' option.
(D:\MikTex app\tex/latex/amsmath\amstext.sty
Package: amstext 2021/08/26 v2.01 AMS text
 (D:\MikTex app\tex/latex/amsmath\amsgen.sty
File: amsgen.sty 1999/11/30 v2.0 generic functions
\@emptytoks=\toks19
\ex@=\dimen168
)) (D:\MikTex app\tex/latex/amsmath\amsbsy.sty
Package: amsbsy 1999/11/29 v1.2d Bold Symbols
\pmbraise@=\dimen169
) (D:\MikTex app\tex/latex/amsmath\amsopn.sty
Package: amsopn 2022/04/08 v2.04 operator names
)
\inf@bad=\count280
LaTeX Info: Redefining \frac on input line 233.
\uproot@=\count281
\leftroot@=\count282
LaTeX Info: Redefining \overline on input line 398.
LaTeX Info: Redefining \colon on input line 409.
\classnum@=\count283
\DOTSCASE@=\count284
LaTeX Info: Redefining \ldots on input line 495.
LaTeX Info: Redefining \dots on input line 498.
LaTeX Info: Redefining \cdots on input line 619.
\Mathstrutbox@=\box51
\strutbox@=\box52
LaTeX Info: Redefining \big on input line 721.
LaTeX Info: Redefining \Big on input line 722.
LaTeX Info: Redefining \bigg on input line 723.
LaTeX Info: Redefining \Bigg on input line 724.
\big@size=\dimen170
LaTeX Font Info:    Redeclaring font encoding OML on input line 742.
LaTeX Font Info:    Redeclaring font encoding OMS on input line 743.
\macc@depth=\count285
LaTeX Info: Redefining \bmod on input line 904.
LaTeX Info: Redefining \pmod on input line 909.
LaTeX Info: Redefining \smash on input line 939.
LaTeX Info: Redefining \relbar on input line 969.
LaTeX Info: Redefining \Relbar on input line 970.
\c@MaxMatrixCols=\count286
\dotsspace@=\muskip17
\c@parentequation=\count287
\dspbrk@lvl=\count288
\tag@help=\toks20
\row@=\count289
\column@=\count290
\maxfields@=\count291
\andhelp@=\toks21
\eqnshift@=\dimen171
\alignsep@=\dimen172
\tagshift@=\dimen173
\tagwidth@=\dimen174
\totwidth@=\dimen175
\lineht@=\dimen176
\@envbody=\toks22
\multlinegap=\skip52
\multlinetaggap=\skip53
\mathdisplay@stack=\toks23
LaTeX Info: Redefining \[ on input line 2953.
LaTeX Info: Redefining \] on input line 2954.
) (D:\MikTex app\tex/latex/amsfonts\amssymb.sty
Package: amssymb 2013/01/14 v3.01 AMS font symbols
 (D:\MikTex app\tex/latex/amsfonts\amsfonts.sty
Package: amsfonts 2013/01/14 v3.01 Basic AMSFonts support
\symAMSa=\mathgroup4
\symAMSb=\mathgroup5
LaTeX Font Info:    Redeclaring math symbol \hbar on input line 98.
LaTeX Font Info:    Overwriting math alphabet `\mathfrak' in version `bold'
(Font)                  U/euf/m/n --> U/euf/b/n on input line 106.
)) (D:\MikTex app\tex/latex/float\float.sty
Package: float 2001/11/08 v1.3d Float enhancements (AL)
\c@float@type=\count292
\float@exts=\toks24
\float@box=\box53
\@float@everytoks=\toks25
\@floatcapt=\box54
) (D:\MikTex app\tex/latex/xcolor\xcolor.sty
Package: xcolor 2023/11/15 v3.01 LaTeX color extensions (UK)
 (D:\MikTex app\tex/latex/graphics-cfg\color.cfg
File: color.cfg 2016/01/02 v1.6 sample color configuration
)
Package xcolor Info: Driver file: pdftex.def on input line 274.
 (D:\MikTex app\tex/latex/graphics\mathcolor.ltx)
Package xcolor Info: Model `cmy' substituted by `cmy0' on input line 1350.
Package xcolor Info: Model `hsb' substituted by `rgb' on input line 1354.
Package xcolor Info: Model `RGB' extended on input line 1366.
Package xcolor Info: Model `HTML' substituted by `rgb' on input line 1368.
Package xcolor Info: Model `Hsb' substituted by `hsb' on input line 1369.
Package xcolor Info: Model `tHsb' substituted by `hsb' on input line 1370.
Package xcolor Info: Model `HSB' substituted by `hsb' on input line 1371.
Package xcolor Info: Model `Gray' substituted by `gray' on input line 1372.
Package xcolor Info: Model `wave' substituted by `hsb' on input line 1373.
) (D:\MikTex app\tex/latex/tools\verbatim.sty
Package: verbatim 2023-11-06 v1.5v LaTeX2e package for verbatim enhancements
\every@verbatim=\toks26
\verbatim@line=\toks27
\verbatim@in@stream=\read2
) (D:\MikTex app\tex/latex/mdframed\mdframed.sty
Package: mdframed 2013/07/01 1.9b: mdframed
 (D:\MikTex app\tex/latex/l3packages/xparse\xparse.sty (D:\MikTex app\tex/latex/l3kernel\expl3.sty
Package: expl3 2024-01-04 L3 programming layer (loader) 
 (D:\MikTex app\tex/latex/l3backend\l3backend-pdftex.def
File: l3backend-pdftex.def 2024-01-04 L3 backend support: PDF output (pdfTeX)
\l__color_backend_stack_int=\count293
\l__pdf_internal_box=\box55
))
Package: xparse 2023-10-10 L3 Experimental document command parser
) (D:\MikTex app\tex/latex/zref\zref-abspage.sty
Package: zref-abspage 2025-06-08 v2.36 Module abspage for zref (HO)
 (D:\MikTex app\tex/latex/zref\zref-base.sty
Package: zref-base 2025-06-08 v2.36 Module base for zref (HO)
 (D:\MikTex app\tex/generic/etexcmds\etexcmds.sty
Package: etexcmds 2019/12/15 v1.7 Avoid name clashes with e-TeX commands (HO)
)
Package zref Info: New property list: main on input line 767.
Package zref Info: New property: default on input line 768.
Package zref Info: New property: page on input line 769.
)
\c@abspage=\count294
Package zref Info: New property: abspage on input line 67.
) (D:\MikTex app\tex/latex/needspace\needspace.sty
Package: needspace 2025/03/13 v1.3e reserve vertical space
)
\mdf@templength=\skip54
\c@mdf@globalstyle@cnt=\count295
\mdf@skipabove@length=\skip55
\mdf@skipbelow@length=\skip56
\mdf@leftmargin@length=\skip57
\mdf@rightmargin@length=\skip58
\mdf@innerleftmargin@length=\skip59
\mdf@innerrightmargin@length=\skip60
\mdf@innertopmargin@length=\skip61
\mdf@innerbottommargin@length=\skip62
\mdf@splittopskip@length=\skip63
\mdf@splitbottomskip@length=\skip64
\mdf@outermargin@length=\skip65
\mdf@innermargin@length=\skip66
\mdf@linewidth@length=\skip67
\mdf@innerlinewidth@length=\skip68
\mdf@middlelinewidth@length=\skip69
\mdf@outerlinewidth@length=\skip70
\mdf@roundcorner@length=\skip71
\mdf@footenotedistance@length=\skip72
\mdf@userdefinedwidth@length=\skip73
\mdf@needspace@length=\skip74
\mdf@frametitleaboveskip@length=\skip75
\mdf@frametitlebelowskip@length=\skip76
\mdf@frametitlerulewidth@length=\skip77
\mdf@frametitleleftmargin@length=\skip78
\mdf@frametitlerightmargin@length=\skip79
\mdf@shadowsize@length=\skip80
\mdf@extratopheight@length=\skip81
\mdf@subtitleabovelinewidth@length=\skip82
\mdf@subtitlebelowlinewidth@length=\skip83
\mdf@subtitleaboveskip@length=\skip84
\mdf@subtitlebelowskip@length=\skip85
\mdf@subtitleinneraboveskip@length=\skip86
\mdf@subtitleinnerbelowskip@length=\skip87
\mdf@subsubtitleabovelinewidth@length=\skip88
\mdf@subsubtitlebelowlinewidth@length=\skip89
\mdf@subsubtitleaboveskip@length=\skip90
\mdf@subsubtitlebelowskip@length=\skip91
\mdf@subsubtitleinneraboveskip@length=\skip92
\mdf@subsubtitleinnerbelowskip@length=\skip93
 (D:\MikTex app\tex/latex/mdframed\md-frame-0.mdf
File: md-frame-0.mdf 2013/07/01\ 1.9b: md-frame-0
)
\mdf@frametitlebox=\box56
\mdf@footnotebox=\box57
\mdf@splitbox@one=\box58
\mdf@splitbox@two=\box59
\mdf@splitbox@save=\box60
\mdfsplitboxwidth=\skip94
\mdfsplitboxtotalwidth=\skip95
\mdfsplitboxheight=\skip96
\mdfsplitboxdepth=\skip97
\mdfsplitboxtotalheight=\skip98
\mdfframetitleboxwidth=\skip99
\mdfframetitleboxtotalwidth=\skip100
\mdfframetitleboxheight=\skip101
\mdfframetitleboxdepth=\skip102
\mdfframetitleboxtotalheight=\skip103
\mdffootnoteboxwidth=\skip104
\mdffootnoteboxtotalwidth=\skip105
\mdffootnoteboxheight=\skip106
\mdffootnoteboxdepth=\skip107
\mdffootnoteboxtotalheight=\skip108
\mdftotallinewidth=\skip109
\mdfboundingboxwidth=\skip110
\mdfboundingboxtotalwidth=\skip111
\mdfboundingboxheight=\skip112
\mdfboundingboxdepth=\skip113
\mdfboundingboxtotalheight=\skip114
\mdf@freevspace@length=\skip115
\mdf@horizontalwidthofbox@length=\skip116
\mdf@verticalmarginwhole@length=\skip117
\mdf@horizontalspaceofbox=\skip118
\mdfsubtitleheight=\skip119
\mdfsubsubtitleheight=\skip120
\c@mdfcountframes=\count296

****** mdframed patching \endmdf@trivlist

****** -- success******

\mdf@envdepth=\count297
\c@mdf@env@i=\count298
\c@mdf@env@ii=\count299
\c@mdf@zref@counter=\count300
Package zref Info: New property: mdf@pagevalue on input line 895.
) (D:\MikTex app\tex/latex/titlesec\titlesec.sty
Package: titlesec 2025/01/04 v2.17 Sectioning titles
\ttl@box=\box61
\beforetitleunit=\skip121
\aftertitleunit=\skip122
\ttl@plus=\dimen177
\ttl@minus=\dimen178
\ttl@toksa=\toks28
\titlewidth=\dimen179
\titlewidthlast=\dimen180
\titlewidthfirst=\dimen181
) (D:\MikTex app\tex/latex/fancyhdr\fancyhdr.sty
Package: fancyhdr 2025/02/07 v5.2 Extensive control of page headers and footers
\f@nch@headwidth=\skip123
\f@nch@offset@elh=\skip124
\f@nch@offset@erh=\skip125
\f@nch@offset@olh=\skip126
\f@nch@offset@orh=\skip127
\f@nch@offset@elf=\skip128
\f@nch@offset@erf=\skip129
\f@nch@offset@olf=\skip130
\f@nch@offset@orf=\skip131
\f@nch@height=\skip132
\f@nch@footalignment=\skip133
\f@nch@widthL=\skip134
\f@nch@widthC=\skip135
\f@nch@widthR=\skip136
\@temptokenb=\toks29
) (D:\MikTex app\tex/latex/pgf/frontendlayer\tikz.sty (D:\MikTex app\tex/latex/pgf/basiclayer\pgf.sty (D:\MikTex app\tex/latex/pgf/utilities\pgfrcs.sty (D:\MikTex app\tex/generic/pgf/utilities\pgfutil-common.tex
\pgfutil@everybye=\toks30
\pgfutil@tempdima=\dimen182
\pgfutil@tempdimb=\dimen183
) (D:\MikTex app\tex/generic/pgf/utilities\pgfutil-latex.def
\pgfutil@abb=\box62
) (D:\MikTex app\tex/generic/pgf/utilities\pgfrcs.code.tex (D:\MikTex app\tex/generic/pgf\pgf.revision.tex)
Package: pgfrcs 2023-01-15 v3.1.10 (3.1.10)
))
Package: pgf 2023-01-15 v3.1.10 (3.1.10)
 (D:\MikTex app\tex/latex/pgf/basiclayer\pgfcore.sty (D:\MikTex app\tex/latex/pgf/systemlayer\pgfsys.sty (D:\MikTex app\tex/generic/pgf/systemlayer\pgfsys.code.tex
Package: pgfsys 2023-01-15 v3.1.10 (3.1.10)
 (D:\MikTex app\tex/generic/pgf/utilities\pgfkeys.code.tex
\pgfkeys@pathtoks=\toks31
\pgfkeys@temptoks=\toks32
 (D:\MikTex app\tex/generic/pgf/utilities\pgfkeyslibraryfiltered.code.tex
\pgfkeys@tmptoks=\toks33
))
\pgf@x=\dimen184
\pgf@y=\dimen185
\pgf@xa=\dimen186
\pgf@ya=\dimen187
\pgf@xb=\dimen188
\pgf@yb=\dimen189
\pgf@xc=\dimen190
\pgf@yc=\dimen191
\pgf@xd=\dimen192
\pgf@yd=\dimen193
\w@pgf@writea=\write3
\r@pgf@reada=\read3
\c@pgf@counta=\count301
\c@pgf@countb=\count302
\c@pgf@countc=\count303
\c@pgf@countd=\count304
\t@pgf@toka=\toks34
\t@pgf@tokb=\toks35
\t@pgf@tokc=\toks36
\pgf@sys@id@count=\count305
 (D:\MikTex app\tex/generic/pgf/systemlayer\pgf.cfg
File: pgf.cfg 2023-01-15 v3.1.10 (3.1.10)
)
Driver file for pgf: pgfsys-pdftex.def
 (D:\MikTex app\tex/generic/pgf/systemlayer\pgfsys-pdftex.def
File: pgfsys-pdftex.def 2023-01-15 v3.1.10 (3.1.10)
 (D:\MikTex app\tex/generic/pgf/systemlayer\pgfsys-common-pdf.def
File: pgfsys-common-pdf.def 2023-01-15 v3.1.10 (3.1.10)
))) (D:\MikTex app\tex/generic/pgf/systemlayer\pgfsyssoftpath.code.tex
File: pgfsyssoftpath.code.tex 2023-01-15 v3.1.10 (3.1.10)
\pgfsyssoftpath@smallbuffer@items=\count306
\pgfsyssoftpath@bigbuffer@items=\count307
) (D:\MikTex app\tex/generic/pgf/systemlayer\pgfsysprotocol.code.tex
File: pgfsysprotocol.code.tex 2023-01-15 v3.1.10 (3.1.10)
)) (D:\MikTex app\tex/generic/pgf/basiclayer\pgfcore.code.tex
Package: pgfcore 2023-01-15 v3.1.10 (3.1.10)
 (D:\MikTex app\tex/generic/pgf/math\pgfmath.code.tex (D:\MikTex app\tex/generic/pgf/math\pgfmathutil.code.tex) (D:\MikTex app\tex/generic/pgf/math\pgfmathparser.code.tex
\pgfmath@dimen=\dimen194
\pgfmath@count=\count308
\pgfmath@box=\box63
\pgfmath@toks=\toks37
\pgfmath@stack@operand=\toks38
\pgfmath@stack@operation=\toks39
) (D:\MikTex app\tex/generic/pgf/math\pgfmathfunctions.code.tex) (D:\MikTex app\tex/generic/pgf/math\pgfmathfunctions.basic.code.tex) (D:\MikTex app\tex/generic/pgf/math\pgfmathfunctions.trigonometric.code.tex) (D:\MikTex app\tex/generic/pgf/math\pgfmathfunctions.random.code.tex) (D:\MikTex app\tex/generic/pgf/math\pgfmathfunctions.comparison.code.tex) (D:\MikTex app\tex/generic/pgf/math\pgfmathfunctions.base.code.tex) (D:\MikTex app\tex/generic/pgf/math\pgfmathfunctions.round.code.tex) (D:\MikTex app\tex/generic/pgf/math\pgfmathfunctions.misc.code.tex) (D:\MikTex app\tex/generic/pgf/math\pgfmathfunctions.integerarithmetics.code.tex) (D:\MikTex app\tex/generic/pgf/math\pgfmathcalc.code.tex) (D:\MikTex app\tex/generic/pgf/math\pgfmathfloat.code.tex
\c@pgfmathroundto@lastzeros=\count309
)) (D:\MikTex app\tex/generic/pgf/math\pgfint.code.tex) (D:\MikTex app\tex/generic/pgf/basiclayer\pgfcorepoints.code.tex
File: pgfcorepoints.code.tex 2023-01-15 v3.1.10 (3.1.10)
\pgf@picminx=\dimen195
\pgf@picmaxx=\dimen196
\pgf@picminy=\dimen197
\pgf@picmaxy=\dimen198
\pgf@pathminx=\dimen199
\pgf@pathmaxx=\dimen256
\pgf@pathminy=\dimen257
\pgf@pathmaxy=\dimen258
\pgf@xx=\dimen259
\pgf@xy=\dimen260
\pgf@yx=\dimen261
\pgf@yy=\dimen262
\pgf@zx=\dimen263
\pgf@zy=\dimen264
) (D:\MikTex app\tex/generic/pgf/basiclayer\pgfcorepathconstruct.code.tex
File: pgfcorepathconstruct.code.tex 2023-01-15 v3.1.10 (3.1.10)
\pgf@path@lastx=\dimen265
\pgf@path@lasty=\dimen266
) (D:\MikTex app\tex/generic/pgf/basiclayer\pgfcorepathusage.code.tex
File: pgfcorepathusage.code.tex 2023-01-15 v3.1.10 (3.1.10)
\pgf@shorten@end@additional=\dimen267
\pgf@shorten@start@additional=\dimen268
) (D:\MikTex app\tex/generic/pgf/basiclayer\pgfcorescopes.code.tex
File: pgfcorescopes.code.tex 2023-01-15 v3.1.10 (3.1.10)
\pgfpic=\box64
\pgf@hbox=\box65
\pgf@layerbox@main=\box66
\pgf@picture@serial@count=\count310
) (D:\MikTex app\tex/generic/pgf/basiclayer\pgfcoregraphicstate.code.tex
File: pgfcoregraphicstate.code.tex 2023-01-15 v3.1.10 (3.1.10)
\pgflinewidth=\dimen269
) (D:\MikTex app\tex/generic/pgf/basiclayer\pgfcoretransformations.code.tex
File: pgfcoretransformations.code.tex 2023-01-15 v3.1.10 (3.1.10)
\pgf@pt@x=\dimen270
\pgf@pt@y=\dimen271
\pgf@pt@temp=\dimen272
) (D:\MikTex app\tex/generic/pgf/basiclayer\pgfcorequick.code.tex
File: pgfcorequick.code.tex 2023-01-15 v3.1.10 (3.1.10)
) (D:\MikTex app\tex/generic/pgf/basiclayer\pgfcoreobjects.code.tex
File: pgfcoreobjects.code.tex 2023-01-15 v3.1.10 (3.1.10)
) (D:\MikTex app\tex/generic/pgf/basiclayer\pgfcorepathprocessing.code.tex
File: pgfcorepathprocessing.code.tex 2023-01-15 v3.1.10 (3.1.10)
) (D:\MikTex app\tex/generic/pgf/basiclayer\pgfcorearrows.code.tex
File: pgfcorearrows.code.tex 2023-01-15 v3.1.10 (3.1.10)
\pgfarrowsep=\dimen273
) (D:\MikTex app\tex/generic/pgf/basiclayer\pgfcoreshade.code.tex
File: pgfcoreshade.code.tex 2023-01-15 v3.1.10 (3.1.10)
\pgf@max=\dimen274
\pgf@sys@shading@range@num=\count311
\pgf@shadingcount=\count312
) (D:\MikTex app\tex/generic/pgf/basiclayer\pgfcoreimage.code.tex
File: pgfcoreimage.code.tex 2023-01-15 v3.1.10 (3.1.10)
) (D:\MikTex app\tex/generic/pgf/basiclayer\pgfcoreexternal.code.tex
File: pgfcoreexternal.code.tex 2023-01-15 v3.1.10 (3.1.10)
\pgfexternal@startupbox=\box67
) (D:\MikTex app\tex/generic/pgf/basiclayer\pgfcorelayers.code.tex
File: pgfcorelayers.code.tex 2023-01-15 v3.1.10 (3.1.10)
) (D:\MikTex app\tex/generic/pgf/basiclayer\pgfcoretransparency.code.tex
File: pgfcoretransparency.code.tex 2023-01-15 v3.1.10 (3.1.10)
) (D:\MikTex app\tex/generic/pgf/basiclayer\pgfcorepatterns.code.tex
File: pgfcorepatterns.code.tex 2023-01-15 v3.1.10 (3.1.10)
) (D:\MikTex app\tex/generic/pgf/basiclayer\pgfcorerdf.code.tex
File: pgfcorerdf.code.tex 2023-01-15 v3.1.10 (3.1.10)
))) (D:\MikTex app\tex/generic/pgf/modules\pgfmoduleshapes.code.tex
File: pgfmoduleshapes.code.tex 2023-01-15 v3.1.10 (3.1.10)
\pgfnodeparttextbox=\box68
) (D:\MikTex app\tex/generic/pgf/modules\pgfmoduleplot.code.tex
File: pgfmoduleplot.code.tex 2023-01-15 v3.1.10 (3.1.10)
) (D:\MikTex app\tex/latex/pgf/compatibility\pgfcomp-version-0-65.sty
Package: pgfcomp-version-0-65 2023-01-15 v3.1.10 (3.1.10)
\pgf@nodesepstart=\dimen275
\pgf@nodesepend=\dimen276
) (D:\MikTex app\tex/latex/pgf/compatibility\pgfcomp-version-1-18.sty
Package: pgfcomp-version-1-18 2023-01-15 v3.1.10 (3.1.10)
)) (D:\MikTex app\tex/latex/pgf/utilities\pgffor.sty (D:\MikTex app\tex/latex/pgf/utilities\pgfkeys.sty (D:\MikTex app\tex/generic/pgf/utilities\pgfkeys.code.tex)) (D:\MikTex app\tex/latex/pgf/math\pgfmath.sty (D:\MikTex app\tex/generic/pgf/math\pgfmath.code.tex)) (D:\MikTex app\tex/generic/pgf/utilities\pgffor.code.tex
Package: pgffor 2023-01-15 v3.1.10 (3.1.10)
\pgffor@iter=\dimen277
\pgffor@skip=\dimen278
\pgffor@stack=\toks40
\pgffor@toks=\toks41
)) (D:\MikTex app\tex/generic/pgf/frontendlayer/tikz\tikz.code.tex
Package: tikz 2023-01-15 v3.1.10 (3.1.10)
 (D:\MikTex app\tex/generic/pgf/libraries\pgflibraryplothandlers.code.tex
File: pgflibraryplothandlers.code.tex 2023-01-15 v3.1.10 (3.1.10)
\pgf@plot@mark@count=\count313
\pgfplotmarksize=\dimen279
)
\tikz@lastx=\dimen280
\tikz@lasty=\dimen281
\tikz@lastxsaved=\dimen282
\tikz@lastysaved=\dimen283
\tikz@lastmovetox=\dimen284
\tikz@lastmovetoy=\dimen285
\tikzleveldistance=\dimen286
\tikzsiblingdistance=\dimen287
\tikz@figbox=\box69
\tikz@figbox@bg=\box70
\tikz@tempbox=\box71
\tikz@tempbox@bg=\box72
\tikztreelevel=\count314
\tikznumberofchildren=\count315
\tikznumberofcurrentchild=\count316
\tikz@fig@count=\count317
 (D:\MikTex app\tex/generic/pgf/modules\pgfmodulematrix.code.tex
File: pgfmodulematrix.code.tex 2023-01-15 v3.1.10 (3.1.10)
\pgfmatrixcurrentrow=\count318
\pgfmatrixcurrentcolumn=\count319
\pgf@matrix@numberofcolumns=\count320
)
\tikz@expandcount=\count321
 (D:\MikTex app\tex/generic/pgf/frontendlayer/tikz/libraries\tikzlibrarytopaths.code.tex
File: tikzlibrarytopaths.code.tex 2023-01-15 v3.1.10 (3.1.10)
))) (D:\MikTex app\tex/latex/caption\subcaption.sty
Package: subcaption 2023/07/28 v1.6b Sub-captions (AR)
 (D:\MikTex app\tex/latex/caption\caption.sty
Package: caption 2023/08/05 v3.6o Customizing captions (AR)
 (D:\MikTex app\tex/latex/caption\caption3.sty
Package: caption3 2023/07/31 v2.4d caption3 kernel (AR)
\caption@tempdima=\dimen288
\captionmargin=\dimen289
\caption@leftmargin=\dimen290
\caption@rightmargin=\dimen291
\caption@width=\dimen292
\caption@indent=\dimen293
\caption@parindent=\dimen294
\caption@hangindent=\dimen295
Package caption Info: Standard document class detected.
)
\c@caption@flags=\count322
\c@continuedfloat=\count323
Package caption Info: float package is loaded.
Package caption Info: hyperref package is loaded.
)
Package caption Info: New subtype `subfigure' on input line 238.
\c@subfigure=\count324
Package caption Info: New subtype `subtable' on input line 238.
\c@subtable=\count325
) (D:\MikTex app\tex/latex/multirow\multirow.sty
Package: multirow 2024/11/12 v2.9 Span multiple rows of a table
\multirow@colwidth=\skip137
\multirow@cntb=\count326
\multirow@dima=\skip138
\bigstrutjot=\dimen296
) (D:\MikTex app\tex/generic/pgf/frontendlayer/tikz/libraries\tikzlibraryshapes.code.tex
File: tikzlibraryshapes.code.tex 2023-01-15 v3.1.10 (3.1.10)
 (D:\MikTex app\tex/generic/pgf/frontendlayer/tikz/libraries\tikzlibraryshapes.geometric.code.tex
File: tikzlibraryshapes.geometric.code.tex 2023-01-15 v3.1.10 (3.1.10)
 (D:\MikTex app\tex/generic/pgf/libraries/shapes\pgflibraryshapes.geometric.code.tex
File: pgflibraryshapes.geometric.code.tex 2023-01-15 v3.1.10 (3.1.10)
)) (D:\MikTex app\tex/generic/pgf/frontendlayer/tikz/libraries\tikzlibraryshapes.misc.code.tex
File: tikzlibraryshapes.misc.code.tex 2023-01-15 v3.1.10 (3.1.10)
 (D:\MikTex app\tex/generic/pgf/libraries/shapes\pgflibraryshapes.misc.code.tex
File: pgflibraryshapes.misc.code.tex 2023-01-15 v3.1.10 (3.1.10)
)) (D:\MikTex app\tex/generic/pgf/frontendlayer/tikz/libraries\tikzlibraryshapes.symbols.code.tex
File: tikzlibraryshapes.symbols.code.tex 2023-01-15 v3.1.10 (3.1.10)
 (D:\MikTex app\tex/generic/pgf/libraries/shapes\pgflibraryshapes.symbols.code.tex
File: pgflibraryshapes.symbols.code.tex 2023-01-15 v3.1.10 (3.1.10)
)) (D:\MikTex app\tex/generic/pgf/frontendlayer/tikz/libraries\tikzlibraryshapes.arrows.code.tex
File: tikzlibraryshapes.arrows.code.tex 2023-01-15 v3.1.10 (3.1.10)
 (D:\MikTex app\tex/generic/pgf/libraries/shapes\pgflibraryshapes.arrows.code.tex
File: pgflibraryshapes.arrows.code.tex 2023-01-15 v3.1.10 (3.1.10)
)) (D:\MikTex app\tex/generic/pgf/frontendlayer/tikz/libraries\tikzlibraryshapes.callouts.code.tex (D:\MikTex app\tex/generic/pgf/libraries/shapes\pgflibraryshapes.callouts.code.tex)) (D:\MikTex app\tex/generic/pgf/frontendlayer/tikz/libraries\tikzlibraryshapes.multipart.code.tex
File: tikzlibraryshapes.multipart.code.tex 2023-01-15 v3.1.10 (3.1.10)
 (D:\MikTex app\tex/generic/pgf/libraries/shapes\pgflibraryshapes.multipart.code.tex
File: pgflibraryshapes.multipart.code.tex 2023-01-15 v3.1.10 (3.1.10)
\pgfnodepartlowerbox=\box73
\pgfnodeparttwobox=\box74
\pgfnodepartthreebox=\box75
\pgfnodepartfourbox=\box76
\pgfnodeparttwentybox=\box77
\pgfnodepartnineteenbox=\box78
\pgfnodeparteighteenbox=\box79
\pgfnodepartseventeenbox=\box80
\pgfnodepartsixteenbox=\box81
\pgfnodepartfifteenbox=\box82
\pgfnodepartfourteenbox=\box83
\pgfnodepartthirteenbox=\box84
\pgfnodeparttwelvebox=\box85
\pgfnodepartelevenbox=\box86
\pgfnodeparttenbox=\box87
\pgfnodepartninebox=\box88
\pgfnodeparteightbox=\box89
\pgfnodepartsevenbox=\box90
\pgfnodepartsixbox=\box91
\pgfnodepartfivebox=\box92
))) (D:\MikTex app\tex/generic/pgf/frontendlayer/tikz/libraries\tikzlibraryarrows.code.tex
File: tikzlibraryarrows.code.tex 2023-01-15 v3.1.10 (3.1.10)
 (D:\MikTex app\tex/generic/pgf/libraries\pgflibraryarrows.code.tex
File: pgflibraryarrows.code.tex 2023-01-15 v3.1.10 (3.1.10)
\arrowsize=\dimen297
)) (D:\MikTex app\tex/generic/pgf/frontendlayer/tikz/libraries\tikzlibrarypositioning.code.tex
File: tikzlibrarypositioning.code.tex 2023-01-15 v3.1.10 (3.1.10)
) (D:\MikTex app\tex/generic/pgf/frontendlayer/tikz/libraries\tikzlibrarycalc.code.tex
File: tikzlibrarycalc.code.tex 2023-01-15 v3.1.10 (3.1.10)
) (D:\MikTex app\tex/generic/pgf/frontendlayer/tikz/libraries\tikzlibraryfit.code.tex
File: tikzlibraryfit.code.tex 2023-01-15 v3.1.10 (3.1.10)
) (D:\MikTex app\tex/generic/pgf/frontendlayer/tikz/libraries\tikzlibrarybackgrounds.code.tex
File: tikzlibrarybackgrounds.code.tex 2023-01-15 v3.1.10 (3.1.10)
\pgf@layerbox@background=\box93
\pgf@layerboxsaved@background=\box94
) (D:\MikTex app\tex/generic/pgf/frontendlayer/tikz/libraries\tikzlibraryshadows.code.tex
File: tikzlibraryshadows.code.tex 2023-01-15 v3.1.10 (3.1.10)
 (D:\MikTex app\tex/generic/pgf/frontendlayer/tikz/libraries\tikzlibraryfadings.code.tex
File: tikzlibraryfadings.code.tex 2023-01-15 v3.1.10 (3.1.10)
 (D:\MikTex app\tex/generic/pgf/libraries\pgflibraryfadings.code.tex
File: pgflibraryfadings.code.tex 2023-01-15 v3.1.10 (3.1.10)
))) (Emotion_Caption_Report.aux)
\openout1 = `Emotion_Caption_Report.aux'.

LaTeX Font Info:    Checking defaults for OML/cmm/m/it on input line 102.
LaTeX Font Info:    ... okay on input line 102.
LaTeX Font Info:    Checking defaults for OMS/cmsy/m/n on input line 102.
LaTeX Font Info:    ... okay on input line 102.
LaTeX Font Info:    Checking defaults for OT1/cmr/m/n on input line 102.
LaTeX Font Info:    ... okay on input line 102.
LaTeX Font Info:    Checking defaults for T1/cmr/m/n on input line 102.
LaTeX Font Info:    ... okay on input line 102.
LaTeX Font Info:    Checking defaults for TS1/cmr/m/n on input line 102.
LaTeX Font Info:    ... okay on input line 102.
LaTeX Font Info:    Checking defaults for OMX/cmex/m/n on input line 102.
LaTeX Font Info:    ... okay on input line 102.
LaTeX Font Info:    Checking defaults for U/cmr/m/n on input line 102.
LaTeX Font Info:    ... okay on input line 102.
LaTeX Font Info:    Checking defaults for PD1/pdf/m/n on input line 102.
LaTeX Font Info:    ... okay on input line 102.
LaTeX Font Info:    Checking defaults for PU/pdf/m/n on input line 102.
LaTeX Font Info:    ... okay on input line 102.

*geometry* driver: auto-detecting
*geometry* detected driver: pdftex
*geometry* verbose mode - [ preamble ] result:
* driver: pdftex
* paper: a4paper
* layout: <same size as paper>
* layoutoffset:(h,v)=(0.0pt,0.0pt)
* modes: 
* h-part:(L,W,R)=(79.49744pt, 438.513pt, 79.49744pt)
* v-part:(T,H,B)=(72.26999pt, 700.50687pt, 72.26999pt)
* \paperwidth=597.50787pt
* \paperheight=845.04684pt
* \textwidth=438.513pt
* \textheight=700.50687pt
* \oddsidemargin=7.22745pt
* \evensidemargin=7.22745pt
* \topmargin=-37.0pt
* \headheight=14.5pt
* \headsep=25.0pt
* \topskip=12.0pt
* \footskip=30.0pt
* \marginparwidth=44.0pt
* \marginparsep=10.0pt
* \columnsep=10.0pt
* \skip\footins=10.8pt plus 4.0pt minus 2.0pt
* \hoffset=0.0pt
* \voffset=0.0pt
* \mag=1000
* \@twocolumnfalse
* \@twosidefalse
* \@mparswitchfalse
* \@reversemarginfalse
* (1in=72.27pt=25.4mm, 1cm=28.453pt)

Package hyperref Info: Link coloring ON on input line 102.
(Emotion_Caption_Report.out) (Emotion_Caption_Report.out)
\@outlinefile=\write4
\openout4 = `Emotion_Caption_Report.out'.

 (D:\MikTex app\tex/context/base/mkii\supp-pdf.mkii
[Loading MPS to PDF converter (version 2006.09.02).]
\scratchcounter=\count327
\scratchdimen=\dimen298
\scratchbox=\box95
\nofMPsegments=\count328
\nofMParguments=\count329
\everyMPshowfont=\toks42
\MPscratchCnt=\count330
\MPscratchDim=\dimen299
\MPnumerator=\count331
\makeMPintoPDFobject=\count332
\everyMPtoPDFconversion=\toks43
) (D:\MikTex app\tex/latex/epstopdf-pkg\epstopdf-base.sty
Package: epstopdf-base 2020-01-24 v2.11 Base part for package epstopdf
Package epstopdf-base Info: Redefining graphics rule for `.eps' on input line 485.
 (D:\MikTex app\tex/latex/00miktex\epstopdf-sys.cfg
File: epstopdf-sys.cfg 2021/03/18 v2.0 Configuration of epstopdf for MiKTeX
))
Package caption Info: Begin \AtBeginDocument code.
Package caption Info: End \AtBeginDocument code.
LaTeX Font Info:    Trying to load font information for U+msa on input line 121.
 (D:\MikTex app\tex/latex/amsfonts\umsa.fd
File: umsa.fd 2013/01/14 v3.01 AMS symbols A
)
LaTeX Font Info:    Trying to load font information for U+msb on input line 121.
 (D:\MikTex app\tex/latex/amsfonts\umsb.fd
File: umsb.fd 2013/01/14 v3.01 AMS symbols B
) [1

{C:/Users/USER/AppData/Local/MiKTeX/fonts/map/pdftex/pdftex.map}]
pdfTeX warning (ext4): destination with the same identifier (name{page.1}) has been already used, duplicate ignored
<to be read again> 
                   \relax 
l.141 \clearpage
                 [1] (Emotion_Caption_Report.toc [2

])
\tf@toc=\write5
\openout5 = `Emotion_Caption_Report.toc'.

 [3] [4

] [5]
Overfull \hbox (9.98799pt too wide) in paragraph at lines 202--203
\T1/cmr/m/n/12 tex-tual com-po-nents. Their ap-proach dif-fers sig-nif-i-cantly from ours in method-ol-ogy^^Vthey
 []

[6]
LaTeX Font Info:    Trying to load font information for T1+cmtt on input line 226.
 (D:\MikTex app\tex/latex/base\t1cmtt.fd
File: t1cmtt.fd 2023/04/13 v2.5m Standard LaTeX font definitions
)
Overfull \hbox (10.70085pt too wide) in paragraph at lines 226--227
[]\T1/cmr/bx/n/12 Encoder: \T1/cmr/m/n/12 Vi-sion Trans-former (\T1/cmtt/m/n/12 vit_base_patch16_224\T1/cmr/m/n/12 , pre-trained via timm)
 []

[7]
Overfull \hbox (5.39899pt too wide) in paragraph at lines 297--298
\T1/cmr/m/n/12 overlapping 16\TS1/cmr/m/n/12 Ö\T1/cmr/m/n/12 16 patches. Each patch is pro-jected to a $\OT1/cmr/m/n/12 16[] \OMS/cmsy/m/n/12 ^^B \OT1/cmr/m/n/12 3 = 768$\T1/cmr/m/n/12 -dimensional
 []

[8] [9] [10]
Overfull \hbox (2.21812pt too wide) in paragraph at lines 381--382
[]\T1/cmr/bx/n/12 Causal Self-Attention: \T1/cmr/m/n/12 Cus-tom masked self-attention with \T1/cmr/bx/n/12 8 at-ten-tion heads
 []


Overfull \hbox (48.04677pt too wide) in paragraph at lines 448--449
 [][] 
 []

[11]
Overfull \vbox (35.89606pt too high) has occurred while \output is active []

 [12] [13] [14] [15] [16] [17]
pdfTeX warning (ext1): too small image resolution ignored
<images/15085612.jpg, id=484, 501.875pt x 376.40625pt>
File: images/15085612.jpg Graphic file (type jpg)
<use images/15085612.jpg>
Package pdftex.def Info: images/15085612.jpg  used on input line 680.
(pdftex.def)             Requested size: 394.65901pt x 296.00795pt.
<images/23770160.jpg, id=485, 334.24875pt x 501.875pt>
File: images/23770160.jpg Graphic file (type jpg)
<use images/23770160.jpg>
Package pdftex.def Info: images/23770160.jpg  used on input line 688.
(pdftex.def)             Requested size: 394.65901pt x 592.62854pt.
[18 <./images/15085612.jpg>]
<images/Happy_2.jpg, id=492, 501.875pt x 376.40625pt>
File: images/Happy_2.jpg Graphic file (type jpg)
<use images/Happy_2.jpg>
Package pdftex.def Info: images/Happy_2.jpg  used on input line 696.
(pdftex.def)             Requested size: 394.65901pt x 296.00795pt.
 [19 <./images/23770160.jpg>]
<images/6155176.jpg, id=498, 200.75pt x 133.298pt>
File: images/6155176.jpg Graphic file (type jpg)
<use images/6155176.jpg>
Package pdftex.def Info: images/6155176.jpg  used on input line 704.
(pdftex.def)             Requested size: 394.65901pt x 262.0921pt.
 [20 <./images/Happy_2.jpg>]
<images/Angry_1.jpg, id=504, 501.875pt x 334.24875pt>
File: images/Angry_1.jpg Graphic file (type jpg)
<use images/Angry_1.jpg>
Package pdftex.def Info: images/Angry_1.jpg  used on input line 712.
(pdftex.def)             Requested size: 394.65901pt x 262.85506pt.
 [21 <./images/6155176.jpg>]
<images/Neutral_8.jpg, id=510, 120.45pt x 80.2197pt>
File: images/Neutral_8.jpg Graphic file (type jpg)
<use images/Neutral_8.jpg>
Package pdftex.def Info: images/Neutral_8.jpg  used on input line 720.
(pdftex.def)             Requested size: 394.65901pt x 262.86891pt.
 [22 <./images/Angry_1.jpg>]
<images/Disgust_1.jpg, id=516, 120.45pt x 80.2197pt>
File: images/Disgust_1.jpg Graphic file (type jpg)
<use images/Disgust_1.jpg>
Package pdftex.def Info: images/Disgust_1.jpg  used on input line 728.
(pdftex.def)             Requested size: 394.65901pt x 262.86891pt.
 [23 <./images/Neutral_8.jpg>]
<images/Fear_7.jpg, id=522, 100.27463pt x 150.5625pt>
File: images/Fear_7.jpg Graphic file (type jpg)
<use images/Fear_7.jpg>
Package pdftex.def Info: images/Fear_7.jpg  used on input line 736.
(pdftex.def)             Requested size: 394.65901pt x 592.72346pt.
 [24 <./images/Disgust_1.jpg>]
<images/Happy_4.jpg, id=529, 501.875pt x 334.24875pt>
File: images/Happy_4.jpg Graphic file (type jpg)
<use images/Happy_4.jpg>
Package pdftex.def Info: images/Happy_4.jpg  used on input line 744.
(pdftex.def)             Requested size: 394.65901pt x 262.85506pt.
 [25 <./images/Fear_7.jpg>]
<images/8118985445.jpg, id=535, 333.245pt x 501.875pt>
File: images/8118985445.jpg Graphic file (type jpg)
<use images/8118985445.jpg>
Package pdftex.def Info: images/8118985445.jpg  used on input line 752.
(pdftex.def)             Requested size: 394.65901pt x 594.4052pt.
 [26 <./images/Happy_4.jpg>]
<images/4756254503.jpg, id=541, 376.40625pt x 501.875pt>
File: images/4756254503.jpg Graphic file (type jpg)
<use images/4756254503.jpg>
Package pdftex.def Info: images/4756254503.jpg  used on input line 760.
(pdftex.def)             Requested size: 394.65901pt x 526.24913pt.
 [27 <./images/8118985445.jpg>]
<images/18119750.jpg, id=547, 501.875pt x 338.26375pt>
File: images/18119750.jpg Graphic file (type jpg)
<use images/18119750.jpg>
Package pdftex.def Info: images/18119750.jpg  used on input line 768.
(pdftex.def)             Requested size: 394.65901pt x 266.01247pt.
 [28 <./images/4756254503.jpg>]
<images/15859665.jpg, id=553, 501.875pt x 376.40625pt>
File: images/15859665.jpg Graphic file (type jpg)
<use images/15859665.jpg>
Package pdftex.def Info: images/15859665.jpg  used on input line 776.
(pdftex.def)             Requested size: 394.65901pt x 296.00795pt.
 [29 <./images/18119750.jpg>]
<images/happy_3.jpg, id=559, 602.25pt x 903.375pt>
File: images/happy_3.jpg Graphic file (type jpg)
<use images/happy_3.jpg>
Package pdftex.def Info: images/happy_3.jpg  used on input line 784.
(pdftex.def)             Requested size: 394.65901pt x 592.01134pt.
 [30 <./images/15859665.jpg>]
<images/surprise_1.jpg, id=566, 602.25pt x 752.8125pt>
File: images/surprise_1.jpg Graphic file (type jpg)
<use images/surprise_1.jpg>
Package pdftex.def Info: images/surprise_1.jpg  used on input line 792.
(pdftex.def)             Requested size: 394.65901pt x 493.34276pt.
 [31 <./images/happy_3.jpg>]
<images/fear_cus_2.jpg, id=572, 147.4308pt x 95.8782pt>
File: images/fear_cus_2.jpg Graphic file (type jpg)
<use images/fear_cus_2.jpg>
Package pdftex.def Info: images/fear_cus_2.jpg  used on input line 800.
(pdftex.def)             Requested size: 394.65901pt x 256.69908pt.
 [32 <./images/surprise_1.jpg>]
<images/nuetral_bus_1.jpg, id=578, 130.086pt x 86.724pt>
File: images/nuetral_bus_1.jpg Graphic file (type jpg)
<use images/nuetral_bus_1.jpg>
Package pdftex.def Info: images/nuetral_bus_1.jpg  used on input line 808.
(pdftex.def)             Requested size: 394.65901pt x 263.1527pt.
 [33 <./images/fear_cus_2.jpg>]
<images/sad_cus_1.jpeg, id=584, 1304.875pt x 870.25125pt>
File: images/sad_cus_1.jpeg Graphic file (type jpg)
<use images/sad_cus_1.jpeg>
Package pdftex.def Info: images/sad_cus_1.jpeg  used on input line 816.
(pdftex.def)             Requested size: 394.65901pt x 263.20203pt.
 [34 <./images/nuetral_bus_1.jpg>]
<images/surprise_cus_2.jpg, id=590, 308.352pt x 409.53pt>
File: images/surprise_cus_2.jpg Graphic file (type jpg)
<use images/surprise_cus_2.jpg>
Package pdftex.def Info: images/surprise_cus_2.jpg  used on input line 824.
(pdftex.def)             Requested size: 394.65901pt x 524.16536pt.
 [35 <./images/sad_cus_1.jpeg>]
<images/Aff_Surprise_1.jpg, id=596, 96.36pt x 96.36pt>
File: images/Aff_Surprise_1.jpg Graphic file (type jpg)
<use images/Aff_Surprise_1.jpg>
Package pdftex.def Info: images/Aff_Surprise_1.jpg  used on input line 832.
(pdftex.def)             Requested size: 394.65901pt x 394.7241pt.
 [36 <./images/surprise_cus_2.jpg>]
<images/5.jpg, id=603, 298.11375pt x 170.6375pt>
File: images/5.jpg Graphic file (type jpg)
<use images/5.jpg>
Package pdftex.def Info: images/5.jpg  used on input line 840.
(pdftex.def)             Requested size: 394.65901pt x 225.91133pt.
 [37 <./images/Aff_Surprise_1.jpg>]
<images/20.jpg, id=609, 262.9825pt x 192.72pt>
File: images/20.jpg Graphic file (type jpg)
<use images/20.jpg>
Package pdftex.def Info: images/20.jpg  used on input line 848.
(pdftex.def)             Requested size: 394.65901pt x 289.22923pt.
<images/9.jpg, id=610, 276.03125pt x 183.68625pt>
File: images/9.jpg Graphic file (type jpg)
<use images/9.jpg>
Package pdftex.def Info: images/9.jpg  used on input line 856.
(pdftex.def)             Requested size: 394.65901pt x 262.65529pt.
 [38 <./images/5.jpg> <./images/20.jpg>]
<images/Surprise_1.jpg, id=617, 602.25pt x 752.8125pt>
File: images/Surprise_1.jpg Graphic file (type jpg)
<use images/Surprise_1.jpg>
Package pdftex.def Info: images/Surprise_1.jpg  used on input line 864.
(pdftex.def)             Requested size: 394.65901pt x 493.34276pt.
 [39 <./images/9.jpg>]
<images/16437914.jpg, id=623, 501.875pt x 343.2825pt>
File: images/16437914.jpg Graphic file (type jpg)
<use images/16437914.jpg>
Package pdftex.def Info: images/16437914.jpg  used on input line 872.
(pdftex.def)             Requested size: 394.65901pt x 269.95924pt.
 [40 <./images/Surprise_1.jpg>]
<images/Angry_4.jpg, id=629, 334.24875pt x 501.875pt>
File: images/Angry_4.jpg Graphic file (type jpg)
<use images/Angry_4.jpg>
Package pdftex.def Info: images/Angry_4.jpg  used on input line 880.
(pdftex.def)             Requested size: 394.65901pt x 592.62854pt.
 [41 <./images/16437914.jpg>]
<images/Fear_9.jpg, id=635, 150.5625pt x 100.57574pt>
File: images/Fear_9.jpg Graphic file (type jpg)
<use images/Fear_9.jpg>
Package pdftex.def Info: images/Fear_9.jpg  used on input line 888.
(pdftex.def)             Requested size: 394.65901pt x 263.68529pt.
 [42 <./images/Angry_4.jpg>] [43 <./images/Fear_9.jpg>] [44] [45] [46] [47] [48]
Overfull \hbox (63.12433pt too wide) in paragraph at lines 1087--1088
[]\T1/cmr/bx/n/12 Model Repos-i-tory: [][]$\T1/cmtt/m/n/12 https : / / huggingface . co / HimadriBiswas / emotion-[]caption-[]model$[][] 
 []

[49] [50] [51] [52] [53] (Emotion_Caption_Report.aux)
 ***********
LaTeX2e <2023-11-01> patch level 1
L3 programming layer <2024-01-04>
 ***********
Package rerunfilecheck Info: File `Emotion_Caption_Report.out' has not changed.
(rerunfilecheck)             Checksum: 9CB0DAB6F4442B2CD7D258730D3E8B73;12043.
 ) 
Here is how much of TeX's memory you used:
 27468 strings out of 474479
 529592 string characters out of 5758100
 1942542 words of memory out of 5000000
 49070 multiletter control sequences out of 15000+600000
 580339 words of font info for 95 fonts, out of 8000000 for 9000
 1141 hyphenation exceptions out of 8191
 84i,13n,93p,1000b,930s stack positions out of 10000i,1000n,20000p,200000b,200000s
 <C:\Users\USER\AppData\Local\MiKTeX\fonts/pk/ljfour/jknappen/ec/dpi600\ectt1728.pk> <C:\Users\USER\AppData\Local\MiKTeX\fonts/pk/ljfour/jknappen/ec/dpi600\ecti1095.pk> <C:\Users\USER\AppData\Local\MiKTeX\fonts/pk/ljfour/jknappen/ec/dpi600\ecrm1000.pk> <C:\Users\USER\AppData\Local\MiKTeX\fonts/pk/ljfour/jknappen/ec/dpi600\ecrm0600.pk> <C:\Users\USER\AppData\Local\MiKTeX\fonts/pk/ljfour/jknappen/ec/dpi600\tcbx1200.pk> <C:\Users\USER\AppData\Local\MiKTeX\fonts/pk/ljfour/jknappen/ec/dpi600\ectt1200.pk> <C:\Users\USER\AppData\Local\MiKTeX\fonts/pk/ljfour/jknappen/ec/dpi600\tcrm1200.pk> <C:\Users\USER\AppData\Local\MiKTeX\fonts/pk/ljfour/jknappen/ec/dpi600\ecti1200.pk> <C:\Users\USER\AppData\Local\MiKTeX\fonts/pk/ljfour/jknappen/ec/dpi600\ecbx1200.pk> <C:\Users\USER\AppData\Local\MiKTeX\fonts/pk/ljfour/jknappen/ec/dpi600\ecbx1728.pk> <C:\Users\USER\AppData\Local\MiKTeX\fonts/pk/ljfour/jknappen/ec/dpi600\ecrm1200.pk> <C:\Users\USER\AppData\Local\MiKTeX\fonts/pk/ljfour/jknappen/ec/dpi600\ecbx1095.pk> <C:\Users\USER\AppData\Local\MiKTeX\fonts/pk/ljfour/jknappen/ec/dpi600\ecrm1095.pk> <C:\Users\USER\AppData\Local\MiKTeX\fonts/pk/ljfour/jknappen/ec/dpi600\ecrm1440.pk> <C:\Users\USER\AppData\Local\MiKTeX\fonts/pk/ljfour/jknappen/ec/dpi600\ecbx1440.pk> <C:\Users\USER\AppData\Local\MiKTeX\fonts/pk/ljfour/jknappen/ec/dpi600\ecrm1728.pk> <C:\Users\USER\AppData\Local\MiKTeX\fonts/pk/ljfour/jknappen/ec/dpi600\ecbx2488.pk><D:/MikTex app/fonts/type1/public/amsfonts/cm/cmr12.pfb><D:/MikTex app/fonts/type1/public/amsfonts/cm/cmr8.pfb><D:/MikTex app/fonts/type1/public/amsfonts/cm/cmsy10.pfb><D:/MikTex app/fonts/type1/public/amsfonts/cm/cmsy8.pfb>
Output written on Emotion_Caption_Report.pdf (54 pages, 2664348 bytes).
PDF statistics:
 1469 PDF objects out of 1728 (max. 8388607)
 201 named destinations out of 1000 (max. 500000)
 756 words of extra memory for PDF output out of 10000 (max. 10000000)

